Circuit: * C:\Users\stride\Documents\GitHub\Clock-Module\simulation\usb_pwr_sel.asc

Limiting rise time of source v3 to 0.02
Limiting fall time of source v3 to 0.02
WARNING: Less than two connections to node n003.  This node is used by v1.
Instance "m:m1:2": Length shorter than recommended for a level 3 MOSFET.
Instance "m:m2:2": Length shorter than recommended for a level 3 MOSFET.
Direct Newton iteration for .op point succeeded.

Date: Mon May 12 16:09:29 2025
Total elapsed time: 0.152 seconds.

tnom = 27
temp = 27
method = modified trap
totiter = 4001
traniter = 3977
tranpoints = 1787
accept = 1612
rejected = 175
matrix size = 22
fillins = 7
solver = Normal
Avg thread counts: 2.5/4.3/4.3/2.5
Matrix Compiler1: 1.96 KB object code size  0.5/0.2/[0.2]
Matrix Compiler2: off  [0.2]/0.2/0.2

